<?xml version="1.0" encoding="UTF-8"?>
<testsuite xmlns:xsi="http://www.w3.org/2001/XMLSchema-instance" xsi:noNamespaceSchemaLocation="https://maven.apache.org/surefire/maven-surefire-plugin/xsd/surefire-test-report-3.0.xsd" version="3.0" name="com.supplychainx.processservice.security.SecurityAndObservabilityTests" time="2.258" tests="20" errors="0" skipped="0" failures="0">
  <properties>
[...]
</properties>
  <testcase name="unexpectedExceptionMapping_returns500WithoutStackTrace" classname="com.supplychainx.processservice.security.SecurityAndObservabilityTests" time="0.265">
    <system-out><![CDATA[2026-09-23 11:52:25.671 [main] INFO  o.s.t.c.s.AnnotationConfigContextLoaderUtils [service=process-service, correlationId=none, processId=none, eventId=none] - Could not detect default configuration classes for test class [com.supplychainx.processservice.security.SecurityAndObservabilityTests]: SecurityAndObservabilityTests does not declare any static, non-private, non-final, nested classes annotated with @Configuration.
2026-09-23 11:52:25.687 [main] INFO  o.s.b.t.c.SpringBootTestContextBootstrapper [service=process-service, correlationId=none, processId=none, eventId=none] - Found @SpringBootConfiguration com.supplychainx.processservice.ProcessServiceApplication for test class com.supplychainx.processservice.security.SecurityAndObservabilityTests

  .   ____          _            __ _ _
 /\\ / ___'_ __ _ _(_)_ __  __ _ \ \ \ \
( ( )\___ | '_ | '_| | '_ \/ _` | \ \ \ \
 \\/  ___)| |_)| | | | | || (_| |  ) ) ) )
  '  |____| .__|_| |_|_| |_\__, | / / / /
 =========|_|==============|___/=/_/_/_/

 :: Spring Boot ::                (v3.3.3)

2026-09-23 11:52:25.722 [main] INFO  c.s.p.s.SecurityAndObservabilityTests [service=process-service, correlationId=none, processId=none, eventId=none] - Starting SecurityAndObservabilityTests using Java 27 with PID 86149 (started by sarathpatti in /Users/sarathpatti/Documents/SupplyChainX/services/process-service)
2026-09-23 11:52:25.722 [main] INFO  c.s.p.s.SecurityAndObservabilityTests [service=process-service, correlationId=none, processId=none, eventId=none] - The following 1 profile is active: "test"
2026-09-23 11:52:25.905 [main] INFO  o.s.d.r.c.RepositoryConfigurationDelegate [service=process-service, correlationId=none, processId=none, eventId=none] - Bootstrapping Spring Data JPA repositories in DEFAULT mode.
2026-09-23 11:52:25.921 [main] INFO  o.s.d.r.c.RepositoryConfigurationDelegate [service=process-service, correlationId=none, processId=none, eventId=none] - Finished Spring Data repository scanning in 15 ms. Found 4 JPA repository interfaces.
2026-09-23 11:52:25.985 [org.springframework.kafka.KafkaListenerEndpointContainer#0-0-C-1] INFO  org.apache.kafka.clients.Metadata [service=process-service, correlationId=none, processId=none, eventId=none] - [Consumer clientId=consumer-supplychainx-process-analytics-group-1, groupId=supplychainx-process-analytics-group] Cluster ID: 5L6g3nShT-eMCtK--X86sw
2026-09-23 11:52:25.986 [org.springframework.kafka.KafkaListenerEndpointContainer#0-0-C-1] INFO  o.a.k.c.c.i.ConsumerCoordinator [service=process-service, correlationId=none, processId=none, eventId=none] - [Consumer clientId=consumer-supplychainx-process-analytics-group-1, groupId=supplychainx-process-analytics-group] Discovered group coordinator localhost:9092 (id: 2147483646 rack: null)
2026-09-23 11:52:25.988 [org.springframework.kafka.KafkaListenerEndpointContainer#0-0-C-1] INFO  o.a.k.c.c.i.ConsumerCoordinator [service=process-service, correlationId=none, processId=none, eventId=none] - [Consumer clientId=consumer-supplychainx-process-analytics-group-1, groupId=supplychainx-process-analytics-group] (Re-)joining group
2026-09-23 11:52:26.010 [org.springframework.kafka.KafkaListenerEndpointContainer#0-0-C-1] INFO  o.a.k.c.c.i.ConsumerCoordinator [service=process-service, correlationId=none, processId=none, eventId=none] - [Consumer clientId=consumer-supplychainx-process-analytics-group-1, groupId=supplychainx-process-analytics-group] Request joining group due to: need to re-join with the given member-id: consumer-supplychainx-process-analytics-group-1-5a67e0f7-32f0-442b-b34b-80d054e6bf37
2026-09-23 11:52:26.011 [org.springframework.kafka.KafkaListenerEndpointContainer#0-0-C-1] INFO  o.a.k.c.c.i.ConsumerCoordinator [service=process-service, correlationId=none, processId=none, eventId=none] - [Consumer clientId=consumer-supplychainx-process-analytics-group-1, groupId=supplychainx-process-analytics-group] (Re-)joining group
2026-09-23 11:52:26.302 [main] INFO  o.h.jpa.internal.util.LogHelper [service=process-service, correlationId=none, processId=none, eventId=none] - HHH000204: Processing PersistenceUnitInfo [name: default]
2026-09-23 11:52:26.303 [main] INFO  o.h.c.i.RegionFactoryInitiator [service=process-service, correlationId=none, processId=none, eventId=none] - HHH000026: Second-level cache disabled
2026-09-23 11:52:26.321 [main] INFO  o.s.o.j.p.SpringPersistenceUnitInfo [service=process-service, correlationId=none, processId=none, eventId=none] - No LoadTimeWeaver setup: ignoring JPA class transformer
2026-09-23 11:52:26.326 [main] INFO  com.zaxxer.hikari.HikariDataSource [service=process-service, correlationId=none, processId=none, eventId=none] - HikariPool-2 - Starting...
2026-09-23 11:52:26.330 [main] INFO  com.zaxxer.hikari.pool.HikariPool [service=process-service, correlationId=none, processId=none, eventId=none] - HikariPool-2 - Added connection conn18: url=jdbc:h2:mem:process_service_db user=SA
2026-09-23 11:52:26.330 [main] INFO  com.zaxxer.hikari.HikariDataSource [service=process-service, correlationId=none, processId=none, eventId=none] - HikariPool-2 - Start completed.
2026-09-23 11:52:26.331 [main] WARN  org.hibernate.orm.deprecation [service=process-service, correlationId=none, processId=none, eventId=none] - HHH90000025: H2Dialect does not need to be specified explicitly using 'hibernate.dialect' (remove the property setting and it will be selected by default)
2026-09-23 11:52:26.437 [main] INFO  o.h.e.t.j.p.i.JtaPlatformInitiator [service=process-service, correlationId=none, processId=none, eventId=none] - HHH000489: No JTA platform available (set 'hibernate.transaction.jta.platform' to enable JTA platform integration)
Hibernate: 
    drop table if exists process_events cascade 
Hibernate: 
    drop table if exists process_instances cascade 
Hibernate: 
    drop table if exists process_steps cascade 
Hibernate: 
    create table process_events (
        created_at timestamp(6) with time zone not null,
        timestamp timestamp(6) with time zone not null,
        event_id uuid not null unique,
        id uuid not null,
        process_instance_id uuid not null,
        event_type varchar(128) not null,
        payload TEXT,
        primary key (id)
    )
Hibernate: 
    create table process_instances (
        completed_at timestamp(6) with time zone,
        created_at timestamp(6) with time zone not null,
        started_at timestamp(6) with time zone not null,
        updated_at timestamp(6) with time zone,
        id uuid not null,
        status varchar(32) not null,
        process_type varchar(64) not null,
        business_key varchar(128) not null unique,
        primary key (id)
    )
Hibernate: 
    create table process_steps (
        completed_at timestamp(6) with time zone,
        created_at timestamp(6) with time zone not null,
        started_at timestamp(6) with time zone not null,
        id uuid not null,
        process_instance_id uuid not null,
        status varchar(32) not null,
        step_name varchar(128) not null,
        primary key (id)
    )
Hibernate: 
    create index idx_process_event_instance_timestamp 
       on process_events (process_instance_id, timestamp)
Hibernate: 
    create index idx_process_event_type 
       on process_events (event_type)
Hibernate: 
    create index idx_process_instance_status 
       on process_instances (status)
Hibernate: 
    create index idx_process_instance_process_type 
       on process_instances (process_type)
Hibernate: 
    create index idx_process_instance_started_at 
       on process_instances (started_at)
Hibernate: 
    create index idx_process_instance_completed_at 
       on process_instances (completed_at)
Hibernate: 
    create index idx_process_instance_type_started 
       on process_instances (process_type, started_at)
Hibernate: 
    create index idx_process_step_instance 
       on process_steps (process_instance_id)
Hibernate: 
    create index idx_process_step_name 
       on process_steps (step_name)
Hibernate: 
    create index idx_process_step_completed_at 
       on process_steps (completed_at)
Hibernate: 
    alter table if exists process_events 
       add constraint FKeqo93k1syt3dmuau7kxdcod9r 
       foreign key (process_instance_id) 
       references process_instances
Hibernate: 
    alter table if exists process_steps 
       add constraint FKn4lf1o1cs7g7ahgikqnqphfom 
       foreign key (process_instance_id) 
       references process_instances
2026-09-23 11:52:26.446 [main] INFO  o.s.o.j.LocalContainerEntityManagerFactoryBean [service=process-service, correlationId=none, processId=none, eventId=none] - Initialized JPA EntityManagerFactory for persistence unit 'default'
2026-09-23 11:52:26.842 [main] WARN  o.s.b.a.s.s.UserDetailsServiceAutoConfiguration [service=process-service, correlationId=none, processId=none, eventId=none] - 

Using generated security password: 142f9fb1-161a-43b7-ace0-06c0a3b22d17

This generated password is for development use only. Your security configuration must be updated before running your application in production.

2026-09-23 11:52:26.844 [main] INFO  o.s.s.c.a.a.c.InitializeUserDetailsBeanManagerConfigurer$InitializeUserDetailsManagerConfigurer [service=process-service, correlationId=none, processId=none, eventId=none] - Global AuthenticationManager configured with UserDetailsService bean with name inMemoryUserDetailsManager
2026-09-23 11:52:27.020 [main] INFO  o.s.b.a.e.web.EndpointLinksResolver [service=process-service, correlationId=none, processId=none, eventId=none] - Exposing 3 endpoints beneath base path '/actuator'
2026-09-23 11:52:27.279 [org.springframework.kafka.KafkaListenerEndpointContainer#0-0-C-1] INFO  o.a.k.c.c.i.ConsumerCoordinator [service=process-service, correlationId=none, processId=none, eventId=none] - [Consumer clientId=consumer-supplychainx-process-analytics-group-1, groupId=supplychainx-process-analytics-group] Successfully joined group with generation Generation{generationId=47, memberId='consumer-supplychainx-process-analytics-group-1-5a67e0f7-32f0-442b-b34b-80d054e6bf37', protocol='range'}
2026-09-23 11:52:27.281 [main] INFO  o.s.b.t.m.w.SpringBootMockServletContext [service=process-service, correlationId=none, processId=none, eventId=none] - Initializing Spring TestDispatcherServlet ''
2026-09-23 11:52:27.281 [main] INFO  o.s.t.w.s.TestDispatcherServlet [service=process-service, correlationId=none, processId=none, eventId=none] - Initializing Servlet ''
2026-09-23 11:52:27.283 [main] INFO  o.s.t.w.s.TestDispatcherServlet [service=process-service, correlationId=none, processId=none, eventId=none] - Completed initialization in 2 ms
2026-09-23 11:52:27.294 [org.springframework.kafka.KafkaListenerEndpointContainer#0-0-C-1] INFO  o.a.k.c.c.i.ConsumerCoordinator [service=process-service, correlationId=none, processId=none, eventId=none] - [Consumer clientId=consumer-supplychainx-process-analytics-group-1, groupId=supplychainx-process-analytics-group] Successfully synced group in generation Generation{generationId=47, memberId='consumer-supplychainx-process-analytics-group-1-5a67e0f7-32f0-442b-b34b-80d054e6bf37', protocol='range'}
2026-09-23 11:52:27.296 [org.springframework.kafka.KafkaListenerEndpointContainer#0-0-C-1] INFO  o.a.k.c.c.i.ConsumerCoordinator [service=process-service, correlationId=none, processId=none, eventId=none] - [Consumer clientId=consumer-supplychainx-process-analytics-group-1, groupId=supplychainx-process-analytics-group] Notifying assignor about the new Assignment(partitions=[supplychainx.product.events-2, supplychainx.inventory.events-2, supplychainx.warehouse.events-2])
2026-09-23 11:52:27.298 [org.springframework.kafka.KafkaListenerEndpointContainer#0-0-C-1] INFO  o.a.k.c.c.i.ConsumerRebalanceListenerInvoker [service=process-service, correlationId=none, processId=none, eventId=none] - [Consumer clientId=consumer-supplychainx-process-analytics-group-1, groupId=supplychainx-process-analytics-group] Adding newly assigned partitions: supplychainx.inventory.events-2, supplychainx.product.events-2, supplychainx.warehouse.events-2
2026-09-23 11:52:27.305 [org.springframework.kafka.KafkaListenerEndpointContainer#0-0-C-1] INFO  o.a.k.c.c.i.ConsumerCoordinator [service=process-service, correlationId=none, processId=none, eventId=none] - [Consumer clientId=consumer-supplychainx-process-analytics-group-1, groupId=supplychainx-process-analytics-group] Found no committed offset for partition supplychainx.warehouse.events-2
2026-09-23 11:52:27.305 [org.springframework.kafka.KafkaListenerEndpointContainer#0-0-C-1] INFO  o.a.k.c.c.i.ConsumerCoordinator [service=process-service, correlationId=none, processId=none, eventId=none] - [Consumer clientId=consumer-supplychainx-process-analytics-group-1, groupId=supplychainx-process-analytics-group] Found no committed offset for partition supplychainx.inventory.events-2
2026-09-23 11:52:27.307 [org.springframework.kafka.KafkaListenerEndpointContainer#0-0-C-1] INFO  o.a.k.c.c.internals.ConsumerUtils [service=process-service, correlationId=none, processId=none, eventId=none] - Setting offset for partition supplychainx.product.events-2 to the committed offset FetchPosition{offset=20, offsetEpoch=Optional.empty, currentLeader=LeaderAndEpoch{leader=Optional[localhost:9092 (id: 1 rack: null)], epoch=4}}
2026-09-23 11:52:27.321 [main] INFO  o.a.k.c.consumer.ConsumerConfig [service=process-service, correlationId=none, processId=none, eventId=none] - ConsumerConfig values: 
	allow.auto.create.topics = true
	auto.commit.interval.ms = 5000
	auto.include.jmx.reporter = true
	auto.offset.reset = earliest
	bootstrap.servers = [localhost:9092]
	check.crcs = true
	client.dns.lookup = use_all_dns_ips
	client.id = consumer-supplychainx-process-analytics-group-2
	client.rack = 
	connections.max.idle.ms = 540000
	default.api.timeout.ms = 60000
	enable.auto.commit = false
	enable.metrics.push = true
	exclude.internal.topics = true
	fetch.max.bytes = 52428800
	fetch.max.wait.ms = 500
	fetch.min.bytes = 1
	group.id = supplychainx-process-analytics-group
	group.instance.id = null
	group.protocol = classic
	group.remote.assignor = null
	heartbeat.interval.ms = 3000
	interceptor.classes = []
	internal.leave.group.on.close = true
	internal.throw.on.fetch.stable.offset.unsupported = false
	isolation.level = read_uncommitted
	key.deserializer = class org.apache.kafka.common.serialization.StringDeserializer
	max.partition.fetch.bytes = 1048576
	max.poll.interval.ms = 300000
	max.poll.records = 500
	metadata.max.age.ms = 300000
	metric.reporters = []
	metrics.num.samples = 2
	metrics.recording.level = INFO
	metrics.sample.window.ms = 30000
	partition.assignment.strategy = [class org.apache.kafka.clients.consumer.RangeAssignor, class org.apache.kafka.clients.consumer.CooperativeStickyAssignor]
	receive.buffer.bytes = 65536
	reconnect.backoff.max.ms = 1000
	reconnect.backoff.ms = 50
	request.timeout.ms = 30000
	retry.backoff.max.ms = 1000
	retry.backoff.ms = 100
	sasl.client.callback.handler.class = null
	sasl.jaas.config = null
	sasl.kerberos.kinit.cmd = /usr/bin/kinit
	sasl.kerberos.min.time.before.relogin = 60000
	sasl.kerberos.service.name = null
	sasl.kerberos.ticket.renew.jitter = 0.05
	sasl.kerberos.ticket.renew.window.factor = 0.8
	sasl.login.callback.handler.class = null
	sasl.login.class = null
	sasl.login.connect.timeout.ms = null
	sasl.login.read.timeout.ms = null
	sasl.login.refresh.buffer.seconds = 300
	sasl.login.refresh.min.period.seconds = 60
	sasl.login.refresh.window.factor = 0.8
	sasl.login.refresh.window.jitter = 0.05
	sasl.login.retry.backoff.max.ms = 10000
	sasl.login.retry.backoff.ms = 100
	sasl.mechanism = GSSAPI
	sasl.oauthbearer.clock.skew.seconds = 30
	sasl.oauthbearer.expected.audience = null
	sasl.oauthbearer.expected.issuer = null
	sasl.oauthbearer.jwks.endpoint.refresh.ms = 3600000
	sasl.oauthbearer.jwks.endpoint.retry.backoff.max.ms = 10000
	sasl.oauthbearer.jwks.endpoint.retry.backoff.ms = 100
	sasl.oauthbearer.jwks.endpoint.url = null
	sasl.oauthbearer.scope.claim.name = scope
	sasl.oauthbearer.sub.claim.name = sub
	sasl.oauthbearer.token.endpoint.url = null
	security.protocol = PLAINTEXT
	security.providers = null
	send.buffer.bytes = 131072
	session.timeout.ms = 45000
	socket.connection.setup.timeout.max.ms = 30000
	socket.connection.setup.timeout.ms = 10000
	ssl.cipher.suites = null
	ssl.enabled.protocols = [TLSv1.2, TLSv1.3]
	ssl.endpoint.identification.algorithm = https
	ssl.engine.factory.class = null
	ssl.key.password = null
	ssl.keymanager.algorithm = SunX509
	ssl.keystore.certificate.chain = null
	ssl.keystore.key = null
	ssl.keystore.location = null
	ssl.keystore.password = null
	ssl.keystore.type = JKS
	ssl.protocol = TLSv1.3
	ssl.provider = null
	ssl.secure.random.implementation = null
	ssl.trustmanager.algorithm = PKIX
	ssl.truststore.certificates = null
	ssl.truststore.location = null
	ssl.truststore.password = null
	ssl.truststore.type = JKS
	value.deserializer = class org.apache.kafka.common.serialization.StringDeserializer

2026-09-23 11:52:27.321 [main] INFO  o.a.k.c.t.i.KafkaMetricsCollector [service=process-service, correlationId=none, processId=none, eventId=none] - initializing Kafka metrics collector
2026-09-23 11:52:27.326 [org.springframework.kafka.KafkaListenerEndpointContainer#0-0-C-1] INFO  o.a.k.c.c.i.SubscriptionState [service=process-service, correlationId=none, processId=none, eventId=none] - [Consumer clientId=consumer-supplychainx-process-analytics-group-1, groupId=supplychainx-process-analytics-group] Resetting offset for partition supplychainx.warehouse.events-2 to position FetchPosition{offset=0, offsetEpoch=Optional.empty, currentLeader=LeaderAndEpoch{leader=Optional[localhost:9092 (id: 1 rack: null)], epoch=4}}.
2026-09-23 11:52:27.326 [org.springframework.kafka.KafkaListenerEndpointContainer#0-0-C-1] INFO  o.a.k.c.c.i.SubscriptionState [service=process-service, correlationId=none, processId=none, eventId=none] - [Consumer clientId=consumer-supplychainx-process-analytics-group-1, groupId=supplychainx-process-analytics-group] Resetting offset for partition supplychainx.inventory.events-2 to position FetchPosition{offset=0, offsetEpoch=Optional.empty, currentLeader=LeaderAndEpoch{leader=Optional[localhost:9092 (id: 1 rack: null)], epoch=4}}.
2026-09-23 11:52:27.326 [org.springframework.kafka.KafkaListenerEndpointContainer#0-0-C-1] INFO  o.s.k.l.KafkaMessageListenerContainer [service=process-service, correlationId=none, processId=none, eventId=none] - supplychainx-process-analytics-group: partitions assigned: [supplychainx.inventory.events-2, supplychainx.product.events-2, supplychainx.warehouse.events-2]
2026-09-23 11:52:27.327 [main] INFO  o.a.kafka.common.utils.AppInfoParser [service=process-service, correlationId=none, processId=none, eventId=none] - Kafka version: 3.7.1
2026-09-23 11:52:27.327 [main] INFO  o.a.kafka.common.utils.AppInfoParser [service=process-service, correlationId=none, processId=none, eventId=none] - Kafka commitId: e2494e6ffb89f828
2026-09-23 11:52:27.327 [main] INFO  o.a.kafka.common.utils.AppInfoParser [service=process-service, correlationId=none, processId=none, eventId=none] - Kafka startTimeMs: 1790144547327
2026-09-23 11:52:27.328 [main] INFO  o.a.k.c.c.i.LegacyKafkaConsumer [service=process-service, correlationId=none, processId=none, eventId=none] - [Consumer clientId=consumer-supplychainx-process-analytics-group-2, groupId=supplychainx-process-analytics-group] Subscribed to topic(s): supplychainx.product.events, supplychainx.warehouse.events, supplychainx.inventory.events
2026-09-23 11:52:27.334 [org.springframework.kafka.KafkaListenerEndpointContainer#0-0-C-1] INFO  org.apache.kafka.clients.Metadata [service=process-service, correlationId=none, processId=none, eventId=none] - [Consumer clientId=consumer-supplychainx-process-analytics-group-2, groupId=supplychainx-process-analytics-group] Cluster ID: 5L6g3nShT-eMCtK--X86sw
2026-09-23 11:52:27.335 [org.springframework.kafka.KafkaListenerEndpointContainer#0-0-C-1] INFO  o.a.k.c.c.i.ConsumerCoordinator [service=process-service, correlationId=none, processId=none, eventId=none] - [Consumer clientId=consumer-supplychainx-process-analytics-group-2, groupId=supplychainx-process-analytics-group] Discovered group coordinator localhost:9092 (id: 2147483646 rack: null)
2026-09-23 11:52:27.335 [org.springframework.kafka.KafkaListenerEndpointContainer#0-0-C-1] INFO  o.a.k.c.c.i.ConsumerCoordinator [service=process-service, correlationId=none, processId=none, eventId=none] - [Consumer clientId=consumer-supplychainx-process-analytics-group-2, groupId=supplychainx-process-analytics-group] (Re-)joining group
2026-09-23 11:52:27.339 [org.springframework.kafka.KafkaListenerEndpointContainer#0-0-C-1] INFO  o.a.k.c.c.i.ConsumerCoordinator [service=process-service, correlationId=none, processId=none, eventId=none] - [Consumer clientId=consumer-supplychainx-process-analytics-group-2, groupId=supplychainx-process-analytics-group] Request joining group due to: need to re-join with the given member-id: consumer-supplychainx-process-analytics-group-2-87672142-7b45-4952-bf00-0ee03c698851
2026-09-23 11:52:27.339 [org.springframework.kafka.KafkaListenerEndpointContainer#0-0-C-1] INFO  o.a.k.c.c.i.ConsumerCoordinator [service=process-service, correlationId=none, processId=none, eventId=none] - [Consumer clientId=consumer-supplychainx-process-analytics-group-2, groupId=supplychainx-process-analytics-group] (Re-)joining group
2026-09-23 11:52:27.348 [main] INFO  c.s.p.s.SecurityAndObservabilityTests [service=process-service, correlationId=none, processId=none, eventId=none] - Started SecurityAndObservabilityTests in 1.657 seconds (process running for 6.28)
2026-09-23 11:52:27.577 [main] ERROR c.s.p.e.GlobalExceptionHandler [service=process-service, correlationId=45b1c202-f466-4576-b04c-7d1f003a3f8f, processId=none, eventId=none] - Internal server error occurred [path=/api/v1/analytics/processes/f910d10d-9b61-458c-950d-7e2fb9409432]: Database failure internal exception
java.lang.RuntimeException: Database failure internal exception
	at com.supplychainx.processservice.analytics.ProcessAnalyticsService.getProcessMetrics(ProcessAnalyticsService.java:36)
	at com.supplychainx.processservice.analytics.ProcessAnalyticsController.getProcessMetrics(ProcessAnalyticsController.java:30)
	at java.base/jdk.internal.reflect.DirectMethodHandleAccessor.invoke(DirectMethodHandleAccessor.java:104)
	at java.base/java.lang.reflect.Method.invoke(Method.java:583)
	at org.springframework.aop.support.AopUtils.invokeJoinpointUsingReflection(AopUtils.java:355)
	at org.springframework.aop.framework.CglibAopProxy$DynamicAdvisedInterceptor.intercept(CglibAopProxy.java:716)
	at com.supplychainx.processservice.analytics.ProcessAnalyticsController$$SpringCGLIB$$0.getProcessMetrics(<generated>)
	at java.base/jdk.internal.reflect.DirectMethodHandleAccessor.invoke(DirectMethodHandleAccessor.java:104)
	at java.base/java.lang.reflect.Method.invoke(Method.java:583)
	at org.springframework.web.method.support.InvocableHandlerMethod.doInvoke(InvocableHandlerMethod.java:255)
	at org.springframework.web.method.support.InvocableHandlerMethod.invokeForRequest(InvocableHandlerMethod.java:188)
	at org.springframework.web.servlet.mvc.method.annotation.ServletInvocableHandlerMethod.invokeAndHandle(ServletInvocableHandlerMethod.java:118)
	at org.springframework.web.servlet.mvc.method.annotation.RequestMappingHandlerAdapter.invokeHandlerMethod(RequestMappingHandlerAdapter.java:926)
	at org.springframework.web.servlet.mvc.method.annotation.RequestMappingHandlerAdapter.handleInternal(RequestMappingHandlerAdapter.java:831)
	at org.springframework.web.servlet.mvc.method.AbstractHandlerMethodAdapter.handle(AbstractHandlerMethodAdapter.java:87)
	at org.springframework.web.servlet.DispatcherServlet.doDispatch(DispatcherServlet.java:1089)
	at org.springframework.web.servlet.DispatcherServlet.doService(DispatcherServlet.java:979)
	at org.springframework.web.servlet.FrameworkServlet.processRequest(FrameworkServlet.java:1014)
	at org.springframework.web.servlet.FrameworkServlet.doGet(FrameworkServlet.java:903)
	at jakarta.servlet.http.HttpServlet.service(HttpServlet.java:564)
	at org.springframework.web.servlet.FrameworkServlet.service(FrameworkServlet.java:885)
	at org.springframework.test.web.servlet.TestDispatcherServlet.service(TestDispatcherServlet.java:72)
	at jakarta.servlet.http.HttpServlet.service(HttpServlet.java:658)
	at org.springframework.mock.web.MockFilterChain$ServletFilterProxy.doFilter(MockFilterChain.java:165)
	at org.springframework.mock.web.MockFilterChain.doFilter(MockFilterChain.java:132)
	at org.springframework.web.filter.OncePerRequestFilter.doFilter(OncePerRequestFilter.java:110)
	at org.springframework.test.web.servlet.setup.MockMvcFilterDecorator.doFilter(MockMvcFilterDecorator.java:151)
	at org.springframework.mock.web.MockFilterChain.doFilter(MockFilterChain.java:132)
	at org.springframework.web.filter.OncePerRequestFilter.doFilter(OncePerRequestFilter.java:110)
	at org.springframework.test.web.servlet.setup.MockMvcFilterDecorator.doFilter(MockMvcFilterDecorator.java:151)
	at org.springframework.mock.web.MockFilterChain.doFilter(MockFilterChain.java:132)
	at org.springframework.web.filter.CompositeFilter$VirtualFilterChain.doFilter(CompositeFilter.java:108)
	at org.springframework.security.web.FilterChainProxy.lambda$doFilterInternal$3(FilterChainProxy.java:231)
	at org.springframework.security.web.ObservationFilterChainDecorator$FilterObservation$SimpleFilterObservation.lambda$wrap$1(ObservationFilterChainDecorator.java:479)
	at org.springframework.security.web.ObservationFilterChainDecorator$AroundFilterObservation$SimpleAroundFilterObservation.lambda$wrap$1(ObservationFilterChainDecorator.java:340)
	at org.springframework.security.web.ObservationFilterChainDecorator.lambda$wrapSecured$0(ObservationFilterChainDecorator.java:82)
	at org.springframework.security.web.ObservationFilterChainDecorator$VirtualFilterChain.doFilter(ObservationFilterChainDecorator.java:128)
	at org.springframework.security.web.access.intercept.AuthorizationFilter.doFilter(AuthorizationFilter.java:100)
	at org.springframework.security.web.ObservationFilterChainDecorator$ObservationFilter.wrapFilter(ObservationFilterChainDecorator.java:240)
	at org.springframework.security.web.ObservationFilterChainDecorator$ObservationFilter.doFilter(ObservationFilterChainDecorator.java:227)
	at org.springframework.security.web.ObservationFilterChainDecorator$VirtualFilterChain.doFilter(ObservationFilterChainDecorator.java:137)
	at org.springframework.security.web.access.ExceptionTranslationFilter.doFilter(ExceptionTranslationFilter.java:126)
	at org.springframework.security.web.access.ExceptionTranslationFilter.doFilter(ExceptionTranslationFilter.java:120)
	at org.springframework.security.web.ObservationFilterChainDecorator$ObservationFilter.wrapFilter(ObservationFilterChainDecorator.java:240)
	at org.springframework.security.web.ObservationFilterChainDecorator$ObservationFilter.doFilter(ObservationFilterChainDecorator.java:227)
	at org.springframework.security.web.ObservationFilterChainDecorator$VirtualFilterChain.doFilter(ObservationFilterChainDecorator.java:137)
	at org.springframework.security.web.session.SessionManagementFilter.doFilter(SessionManagementFilter.java:131)
	at org.springframework.security.web.session.SessionManagementFilter.doFilter(SessionManagementFilter.java:85)
	at org.springframework.security.web.ObservationFilterChainDecorator$ObservationFilter.wrapFilter(ObservationFilterChainDecorator.java:240)
	at org.springframework.security.web.ObservationFilterChainDecorator$ObservationFilter.doFilter(ObservationFilterChainDecorator.java:227)
	at org.springframework.security.web.ObservationFilterChainDecorator$VirtualFilterChain.doFilter(ObservationFilterChainDecorator.java:137)
	at org.springframework.security.web.authentication.AnonymousAuthenticationFilter.doFilter(AnonymousAuthenticationFilter.java:100)
	at org.springframework.security.web.ObservationFilterChainDecorator$ObservationFilter.wrapFilter(ObservationFilterChainDecorator.java:240)
	at org.springframework.security.web.ObservationFilterChainDecorator$ObservationFilter.doFilter(ObservationFilterChainDecorator.java:227)
	at org.springframework.security.web.ObservationFilterChainDecorator$VirtualFilterChain.doFilter(ObservationFilterChainDecorator.java:137)
	at org.springframework.security.web.servletapi.SecurityContextHolderAwareRequestFilter.doFilter(SecurityContextHolderAwareRequestFilter.java:179)
	at org.springframework.security.web.ObservationFilterChainDecorator$ObservationFilter.wrapFilter(ObservationFilterChainDecorator.java:240)
	at org.springframework.security.web.ObservationFilterChainDecorator$ObservationFilter.doFilter(ObservationFilterChainDecorator.java:227)
	at org.springframework.security.web.ObservationFilterChainDecorator$VirtualFilterChain.doFilter(ObservationFilterChainDecorator.java:137)
	at org.springframework.security.web.savedrequest.RequestCacheAwareFilter.doFilter(RequestCacheAwareFilter.java:63)
	at org.springframework.security.web.ObservationFilterChainDecorator$ObservationFilter.wrapFilter(ObservationFilterChainDecorator.java:240)
	at org.springframework.security.web.ObservationFilterChainDecorator$ObservationFilter.doFilter(ObservationFilterChainDecorator.java:227)
	at org.springframework.security.web.ObservationFilterChainDecorator$VirtualFilterChain.doFilter(ObservationFilterChainDecorator.java:137)
	at com.supplychainx.processservice.security.JwtAuthenticationFilter.doFilterInternal(JwtAuthenticationFilter.java:38)
	at org.springframework.web.filter.OncePerRequestFilter.doFilter(OncePerRequestFilter.java:116)
	at org.springframework.security.web.ObservationFilterChainDecorator$ObservationFilter.wrapFilter(ObservationFilterChainDecorator.java:240)
	at org.springframework.security.web.ObservationFilterChainDecorator$ObservationFilter.doFilter(ObservationFilterChainDecorator.java:227)
	at org.springframework.security.web.ObservationFilterChainDecorator$VirtualFilterChain.doFilter(ObservationFilterChainDecorator.java:137)
	at com.supplychainx.processservice.security.CorrelationIdFilter.doFilterInternal(CorrelationIdFilter.java:41)
	at org.springframework.web.filter.OncePerRequestFilter.doFilter(OncePerRequestFilter.java:116)
	at org.springframework.security.web.ObservationFilterChainDecorator$ObservationFilter.wrapFilter(ObservationFilterChainDecorator.java:240)
	at org.springframework.security.web.ObservationFilterChainDecorator$ObservationFilter.doFilter(ObservationFilterChainDecorator.java:227)
	at org.springframework.security.web.ObservationFilterChainDecorator$VirtualFilterChain.doFilter(ObservationFilterChainDecorator.java:137)
	at org.springframework.security.web.authentication.logout.LogoutFilter.doFilter(LogoutFilter.java:107)
	at org.springframework.security.web.authentication.logout.LogoutFilter.doFilter(LogoutFilter.java:93)
	at org.springframework.security.web.ObservationFilterChainDecorator$ObservationFilter.wrapFilter(ObservationFilterChainDecorator.java:240)
	at org.springframework.security.web.ObservationFilterChainDecorator$ObservationFilter.doFilter(ObservationFilterChainDecorator.java:227)
	at org.springframework.security.web.ObservationFilterChainDecorator$VirtualFilterChain.doFilter(ObservationFilterChainDecorator.java:137)
	at org.springframework.security.web.header.HeaderWriterFilter.doHeadersAfter(HeaderWriterFilter.java:90)
	at org.springframework.security.web.header.HeaderWriterFilter.doFilterInternal(HeaderWriterFilter.java:75)
	at org.springframework.web.filter.OncePerRequestFilter.doFilter(OncePerRequestFilter.java:116)
	at org.springframework.security.web.ObservationFilterChainDecorator$ObservationFilter.wrapFilter(ObservationFilterChainDecorator.java:240)
	at org.springframework.security.web.ObservationFilterChainDecorator$ObservationFilter.doFilter(ObservationFilterChainDecorator.java:227)
	at org.springframework.security.web.ObservationFilterChainDecorator$VirtualFilterChain.doFilter(ObservationFilterChainDecorator.java:137)
	at org.springframework.security.web.context.SecurityContextHolderFilter.doFilter(SecurityContextHolderFilter.java:82)
	at org.springframework.security.web.context.SecurityContextHolderFilter.doFilter(SecurityContextHolderFilter.java:69)
	at org.springframework.security.web.ObservationFilterChainDecorator$ObservationFilter.wrapFilter(ObservationFilterChainDecorator.java:240)
	at org.springframework.security.web.ObservationFilterChainDecorator$ObservationFilter.doFilter(ObservationFilterChainDecorator.java:227)
	at org.springframework.security.web.ObservationFilterChainDecorator$VirtualFilterChain.doFilter(ObservationFilterChainDecorator.java:137)
	at org.springframework.security.web.context.request.async.WebAsyncManagerIntegrationFilter.doFilterInternal(WebAsyncManagerIntegrationFilter.java:62)
	at org.springframework.web.filter.OncePerRequestFilter.doFilter(OncePerRequestFilter.java:116)
	at org.springframework.security.web.ObservationFilterChainDecorator$ObservationFilter.wrapFilter(ObservationFilterChainDecorator.java:240)
	at org.springframework.security.web.ObservationFilterChainDecorator$ObservationFilter.doFilter(ObservationFilterChainDecorator.java:227)
	at org.springframework.security.web.ObservationFilterChainDecorator$VirtualFilterChain.doFilter(ObservationFilterChainDecorator.java:137)
	at org.springframework.security.web.session.DisableEncodeUrlFilter.doFilterInternal(DisableEncodeUrlFilter.java:42)
	at org.springframework.web.filter.OncePerRequestFilter.doFilter(OncePerRequestFilter.java:116)
	at org.springframework.security.web.ObservationFilterChainDecorator$ObservationFilter.wrapFilter(ObservationFilterChainDecorator.java:240)
	at org.springframework.security.web.ObservationFilterChainDecorator$AroundFilterObservation$SimpleAroundFilterObservation.lambda$wrap$0(ObservationFilterChainDecorator.java:323)
	at org.springframework.security.web.ObservationFilterChainDecorator$ObservationFilter.doFilter(ObservationFilterChainDecorator.java:224)
	at org.springframework.security.web.ObservationFilterChainDecorator$VirtualFilterChain.doFilter(ObservationFilterChainDecorator.java:137)
	at org.springframework.security.web.FilterChainProxy.doFilterInternal(FilterChainProxy.java:233)
	at org.springframework.security.web.FilterChainProxy.doFilter(FilterChainProxy.java:191)
	at org.springframework.web.filter.CompositeFilter$VirtualFilterChain.doFilter(CompositeFilter.java:113)
	at org.springframework.web.servlet.handler.HandlerMappingIntrospector.lambda$createCacheFilter$3(HandlerMappingIntrospector.java:195)
	at org.springframework.web.filter.CompositeFilter$VirtualFilterChain.doFilter(CompositeFilter.java:113)
	at org.springframework.web.filter.CompositeFilter.doFilter(CompositeFilter.java:74)
	at org.springframework.security.config.annotation.web.configuration.WebMvcSecurityConfiguration$CompositeFilterChainProxy.doFilter(WebMvcSecurityConfiguration.java:230)
	at org.springframework.web.filter.DelegatingFilterProxy.invokeDelegate(DelegatingFilterProxy.java:352)
	at org.springframework.web.filter.DelegatingFilterProxy.doFilter(DelegatingFilterProxy.java:268)
	at org.springframework.test.web.servlet.setup.MockMvcFilterDecorator.doFilter(MockMvcFilterDecorator.java:151)
	at org.springframework.mock.web.MockFilterChain.doFilter(MockFilterChain.java:132)
	at org.springframework.web.filter.RequestContextFilter.doFilterInternal(RequestContextFilter.java:100)
	at org.springframework.web.filter.OncePerRequestFilter.doFilter(OncePerRequestFilter.java:116)
	at org.springframework.test.web.servlet.setup.MockMvcFilterDecorator.doFilter(MockMvcFilterDecorator.java:151)
	at org.springframework.mock.web.MockFilterChain.doFilter(MockFilterChain.java:132)
	at org.springframework.web.filter.FormContentFilter.doFilterInternal(FormContentFilter.java:93)
	at org.springframework.web.filter.OncePerRequestFilter.doFilter(OncePerRequestFilter.java:116)
	at org.springframework.test.web.servlet.setup.MockMvcFilterDecorator.doFilter(MockMvcFilterDecorator.java:151)
	at org.springframework.mock.web.MockFilterChain.doFilter(MockFilterChain.java:132)
	at org.springframework.web.filter.ServerHttpObservationFilter.doFilterInternal(ServerHttpObservationFilter.java:113)
	at org.springframework.web.filter.OncePerRequestFilter.doFilter(OncePerRequestFilter.java:116)
	at org.springframework.test.web.servlet.setup.MockMvcFilterDecorator.doFilter(MockMvcFilterDecorator.java:151)
	at org.springframework.mock.web.MockFilterChain.doFilter(MockFilterChain.java:132)
	at org.springframework.web.filter.CharacterEncodingFilter.doFilterInternal(CharacterEncodingFilter.java:201)
	at org.springframework.web.filter.OncePerRequestFilter.doFilter(OncePerRequestFilter.java:116)
	at org.springframework.test.web.servlet.setup.MockMvcFilterDecorator.doFilter(MockMvcFilterDecorator.java:151)
	at org.springframework.mock.web.MockFilterChain.doFilter(MockFilterChain.java:132)
	at org.springframework.test.web.servlet.MockMvc.perform(MockMvc.java:201)
	at com.supplychainx.processservice.security.SecurityAndObservabilityTests.unexpectedExceptionMapping_returns500WithoutStackTrace(SecurityAndObservabilityTests.java:178)
	at java.base/jdk.internal.reflect.DirectMethodHandleAccessor.invoke(DirectMethodHandleAccessor.java:104)
	at java.base/java.lang.reflect.Method.invoke(Method.java:583)
	at org.junit.platform.commons.util.ReflectionUtils.invokeMethod(ReflectionUtils.java:728)
	at org.junit.jupiter.engine.execution.MethodInvocation.proceed(MethodInvocation.java:60)
	at org.junit.jupiter.engine.execution.InvocationInterceptorChain$ValidatingInvocation.proceed(InvocationInterceptorChain.java:131)
	at org.junit.jupiter.engine.extension.TimeoutExtension.intercept(TimeoutExtension.java:156)
	at org.junit.jupiter.engine.extension.TimeoutExtension.interceptTestableMethod(TimeoutExtension.java:147)
	at org.junit.jupiter.engine.extension.TimeoutExtension.interceptTestMethod(TimeoutExtension.java:86)
	at org.junit.jupiter.engine.execution.InterceptingExecutableInvoker$ReflectiveInterceptorCall.lambda$ofVoidMethod$0(InterceptingExecutableInvoker.java:103)
	at org.junit.jupiter.engine.execution.InterceptingExecutableInvoker.lambda$invoke$0(InterceptingExecutableInvoker.java:93)
	at org.junit.jupiter.engine.execution.InvocationInterceptorChain$InterceptedInvocation.proceed(InvocationInterceptorChain.java:106)
	at org.junit.jupiter.engine.execution.InvocationInterceptorChain.proceed(InvocationInterceptorChain.java:64)
	at org.junit.jupiter.engine.execution.InvocationInterceptorChain.chainAndInvoke(InvocationInterceptorChain.java:45)
	at org.junit.jupiter.engine.execution.InvocationInterceptorChain.invoke(InvocationInterceptorChain.java:37)
	at org.junit.jupiter.engine.execution.InterceptingExecutableInvoker.invoke(InterceptingExecutableInvoker.java:92)
	at org.junit.jupiter.engine.execution.InterceptingExecutableInvoker.invoke(InterceptingExecutableInvoker.java:86)
	at org.junit.jupiter.engine.descriptor.TestMethodTestDescriptor.lambda$invokeTestMethod$7(TestMethodTestDescriptor.java:218)
	at org.junit.platform.engine.support.hierarchical.ThrowableCollector.execute(ThrowableCollector.java:73)
	at org.junit.jupiter.engine.descriptor.TestMethodTestDescriptor.invokeTestMethod(TestMethodTestDescriptor.java:214)
	at org.junit.jupiter.engine.descriptor.TestMethodTestDescriptor.execute(TestMethodTestDescriptor.java:139)
	at org.junit.jupiter.engine.descriptor.TestMethodTestDescriptor.execute(TestMethodTestDescriptor.java:69)
	at org.junit.platform.engine.support.hierarchical.NodeTestTask.lambda$executeRecursively$6(NodeTestTask.java:151)
	at org.junit.platform.engine.support.hierarchical.ThrowableCollector.execute(ThrowableCollector.java:73)
	at org.junit.platform.engine.support.hierarchical.NodeTestTask.lambda$executeRecursively$8(NodeTestTask.java:141)
	at org.junit.platform.engine.support.hierarchical.Node.around(Node.java:137)
	at org.junit.platform.engine.support.hierarchical.NodeTestTask.lambda$executeRecursively$9(NodeTestTask.java:139)
	at org.junit.platform.engine.support.hierarchical.ThrowableCollector.execute(ThrowableCollector.java:73)
	at org.junit.platform.engine.support.hierarchical.NodeTestTask.executeRecursively(NodeTestTask.java:138)
	at org.junit.platform.engine.support.hierarchical.NodeTestTask.execute(NodeTestTask.java:95)
	at java.base/java.util.ArrayList.forEach(ArrayList.java:1612)
	at org.junit.platform.engine.support.hierarchical.SameThreadHierarchicalTestExecutorService.invokeAll(SameThreadHierarchicalTestExecutorService.java:41)
	at org.junit.platform.engine.support.hierarchical.NodeTestTask.lambda$executeRecursively$6(NodeTestTask.java:155)
	at org.junit.platform.engine.support.hierarchical.ThrowableCollector.execute(ThrowableCollector.java:73)
	at org.junit.platform.engine.support.hierarchical.NodeTestTask.lambda$executeRecursively$8(NodeTestTask.java:141)
	at org.junit.platform.engine.support.hierarchical.Node.around(Node.java:137)
	at org.junit.platform.engine.support.hierarchical.NodeTestTask.lambda$executeRecursively$9(NodeTestTask.java:139)
	at org.junit.platform.engine.support.hierarchical.ThrowableCollector.execute(ThrowableCollector.java:73)
	at org.junit.platform.engine.support.hierarchical.NodeTestTask.executeRecursively(NodeTestTask.java:138)
	at org.junit.platform.engine.support.hierarchical.NodeTestTask.execute(NodeTestTask.java:95)
	at java.base/java.util.ArrayList.forEach(ArrayList.java:1612)
	at org.junit.platform.engine.support.hierarchical.SameThreadHierarchicalTestExecutorService.invokeAll(SameThreadHierarchicalTestExecutorService.java:41)
	at org.junit.platform.engine.support.hierarchical.NodeTestTask.lambda$executeRecursively$6(NodeTestTask.java:155)
	at org.junit.platform.engine.support.hierarchical.ThrowableCollector.execute(ThrowableCollector.java:73)
	at org.junit.platform.engine.support.hierarchical.NodeTestTask.lambda$executeRecursively$8(NodeTestTask.java:141)
	at org.junit.platform.engine.support.hierarchical.Node.around(Node.java:137)
	at org.junit.platform.engine.support.hierarchical.NodeTestTask.lambda$executeRecursively$9(NodeTestTask.java:139)
	at org.junit.platform.engine.support.hierarchical.ThrowableCollector.execute(ThrowableCollector.java:73)
	at org.junit.platform.engine.support.hierarchical.NodeTestTask.executeRecursively(NodeTestTask.java:138)
	at org.junit.platform.engine.support.hierarchical.NodeTestTask.execute(NodeTestTask.java:95)
	at org.junit.platform.engine.support.hierarchical.SameThreadHierarchicalTestExecutorService.submit(SameThreadHierarchicalTestExecutorService.java:35)
	at org.junit.platform.engine.support.hierarchical.HierarchicalTestExecutor.execute(HierarchicalTestExecutor.java:57)
	at org.junit.platform.engine.support.hierarchical.HierarchicalTestEngine.execute(HierarchicalTestEngine.java:54)
	at org.junit.platform.launcher.core.EngineExecutionOrchestrator.execute(EngineExecutionOrchestrator.java:198)
	at org.junit.platform.launcher.core.EngineExecutionOrchestrator.execute(EngineExecutionOrchestrator.java:169)
	at org.junit.platform.launcher.core.EngineExecutionOrchestrator.execute(EngineExecutionOrchestrator.java:93)
	at org.junit.platform.launcher.core.EngineExecutionOrchestrator.lambda$execute$0(EngineExecutionOrchestrator.java:58)
	at org.junit.platform.launcher.core.EngineExecutionOrchestrator.withInterceptedStreams(EngineExecutionOrchestrator.java:141)
	at org.junit.platform.launcher.core.EngineExecutionOrchestrator.execute(EngineExecutionOrchestrator.java:57)
	at org.junit.platform.launcher.core.DefaultLauncher.execute(DefaultLauncher.java:103)
	at org.junit.platform.launcher.core.DefaultLauncher.execute(DefaultLauncher.java:85)
	at org.junit.platform.launcher.core.DelegatingLauncher.execute(DelegatingLauncher.java:47)
	at org.apache.maven.surefire.junitplatform.LazyLauncher.execute(LazyLauncher.java:56)
	at org.apache.maven.surefire.junitplatform.JUnitPlatformProvider.execute(JUnitPlatformProvider.java:184)
	at org.apache.maven.surefire.junitplatform.JUnitPlatformProvider.invokeAllTests(JUnitPlatformProvider.java:148)
	at org.apache.maven.surefire.junitplatform.JUnitPlatformProvider.invoke(JUnitPlatformProvider.java:122)
	at org.apache.maven.surefire.booter.ForkedBooter.runSuitesInProcess(ForkedBooter.java:385)
	at org.apache.maven.surefire.booter.ForkedBooter.execute(ForkedBooter.java:162)
	at org.apache.maven.surefire.booter.ForkedBooter.run(ForkedBooter.java:507)
	at org.apache.maven.surefire.booter.ForkedBooter.main(ForkedBooter.java:495)
]]></system-out>
  </testcase>
  <testcase name="validAuthenticatedUser_analyticsRequest_succeeds" classname="com.supplychainx.processservice.security.SecurityAndObservabilityTests" time="0.094"/>
  <testcase name="stackTraceAndSecretsNotExposed" classname="com.supplychainx.processservice.security.SecurityAndObservabilityTests" time="0.01"/>
  <testcase name="correctAdminRole_adminEndpoint_succeeds" classname="com.supplychainx.processservice.security.SecurityAndObservabilityTests" time="0.026"/>
  <testcase name="insufficientRole_adminEndpoint_returns403" classname="com.supplychainx.processservice.security.SecurityAndObservabilityTests" time="0.005"/>
  <testcase name="invalidOrExpiredJwt_returns401" classname="com.supplychainx.processservice.security.SecurityAndObservabilityTests" time="0.003">
    <system-out><![CDATA[2026-09-23 11:52:27.761 [main] WARN  c.s.p.security.JwtTokenProvider [service=process-service, correlationId=815ab42c-2497-47e0-bea1-277adac261ad, processId=none, eventId=none] - Malformed JWT token
]]></system-out>
  </testcase>
  <testcase name="missingCorrelationId_generated" classname="com.supplychainx.processservice.security.SecurityAndObservabilityTests" time="0.03"/>
  <testcase name="livenessEndpoint_behavesCorrectly" classname="com.supplychainx.processservice.security.SecurityAndObservabilityTests" time="0.006"/>
  <testcase name="validationFailure_returns400" classname="com.supplychainx.processservice.security.SecurityAndObservabilityTests" time="0.059">
    <system-out><![CDATA[2026-09-23 11:52:27.857 [main] WARN  c.s.p.e.GlobalExceptionHandler [service=process-service, correlationId=28fefdb2-2b37-4f34-bdbf-e90e0afddcbd, processId=none, eventId=none] - Validation failed [path=/api/v1/processes]: status: status is required, businessKey: businessKey is required, processType: processType is required
]]></system-out>
  </testcase>
  <testcase name="readinessEndpoint_behavesCorrectly" classname="com.supplychainx.processservice.security.SecurityAndObservabilityTests" time="0.005"/>
  <testcase name="responseContainsCorrelationIdHeader" classname="com.supplychainx.processservice.security.SecurityAndObservabilityTests" time="0.002"/>
  <testcase name="suppliedCorrelationId_preserved" classname="com.supplychainx.processservice.security.SecurityAndObservabilityTests" time="0.005"/>
  <testcase name="healthEndpoint_succeeds" classname="com.supplychainx.processservice.security.SecurityAndObservabilityTests" time="0.006"/>
  <testcase name="malformedRequest_returns400" classname="com.supplychainx.processservice.security.SecurityAndObservabilityTests" time="0.006">
    <system-out><![CDATA[2026-09-23 11:52:27.885 [main] WARN  c.s.p.e.GlobalExceptionHandler [service=process-service, correlationId=ebbffb5a-c615-49c1-a371-690305749815, processId=none, eventId=none] - Type mismatch [path=/api/v1/analytics/processes/not-a-valid-uuid]: Parameter 'id' value 'not-a-valid-uuid' is invalid
]]></system-out>
  </testcase>
  <testcase name="responseContainsCorrelationId" classname="com.supplychainx.processservice.security.SecurityAndObservabilityTests" time="0.002"/>
  <testcase name="unauthenticatedRequest_returns401" classname="com.supplychainx.processservice.security.SecurityAndObservabilityTests" time="0.006"/>
  <testcase name="logsContainCorrelationContext" classname="com.supplychainx.processservice.security.SecurityAndObservabilityTests" time="0.004"/>
  <testcase name="resourceNotFound_returns404" classname="com.supplychainx.processservice.security.SecurityAndObservabilityTests" time="0.01">
    <system-out><![CDATA[2026-09-23 11:52:27.906 [main] WARN  c.s.p.e.GlobalExceptionHandler [service=process-service, correlationId=fc78a586-8af8-4675-8a5e-02eb72e0af34, processId=none, eventId=none] - Resource not found [path=/api/v1/analytics/processes/6b216415-89d3-4850-94a0-d59d49387258]: ProcessInstance not found with ID: 6b216415-89d3-4850-94a0-d59d49387258
]]></system-out>
  </testcase>
  <testcase name="sensitiveConfiguration_notExposedInHealth" classname="com.supplychainx.processservice.security.SecurityAndObservabilityTests" time="0.006"/>
  <testcase name="missingAuthorizationHeader_returns401" classname="com.supplychainx.processservice.security.SecurityAndObservabilityTests" time="0.005"/>
</testsuite>