<?xml version="1.0" encoding="UTF-8"?>
<testsuite xmlns:xsi="http://www.w3.org/2001/XMLSchema-instance" xsi:noNamespaceSchemaLocation="https://maven.apache.org/surefire/maven-surefire-plugin/xsd/surefire-test-report-3.0.xsd" version="3.0" name="com.supplychainx.processservice.repository.ProcessRepositoryTests" time="2.323" tests="4" errors="0" skipped="0" failures="0">
  <properties>
[...]
</properties>
  <testcase name="shouldPersistProcessEventAndCheckDuplicateEventId" classname="com.supplychainx.processservice.repository.ProcessRepositoryTests" time="0.455">
    <system-out><![CDATA[15:42:19.507 [main] INFO org.springframework.test.context.support.AnnotationConfigContextLoaderUtils -- Could not detect default configuration classes for test class [com.supplychainx.processservice.repository.ProcessRepositoryTests]: ProcessRepositoryTests does not declare any static, non-private, non-final, nested classes annotated with @Configuration.
15:42:19.567 [main] INFO org.springframework.boot.test.context.SpringBootTestContextBootstrapper -- Found @SpringBootConfiguration com.supplychainx.processservice.ProcessServiceApplication for test class com.supplychainx.processservice.repository.ProcessRepositoryTests

  .   ____          _            __ _ _
 /\\ / ___'_ __ _ _(_)_ __  __ _ \ \ \ \
( ( )\___ | '_ | '_| | '_ \/ _` | \ \ \ \
 \\/  ___)| |_)| | | | | || (_| |  ) ) ) )
  '  |____| .__|_| |_|_| |_\__, | / / / /
 =========|_|==============|___/=/_/_/_/

 :: Spring Boot ::                (v3.3.3)

2026-09-21T15:42:19.790+05:30  INFO 8913 --- [process-service-test] [           main] c.s.p.repository.ProcessRepositoryTests  : Starting ProcessRepositoryTests using Java 27 with PID 8913 (started by sarathpatti in /Users/sarathpatti/Documents/SupplyChainX/services/process-service)
2026-09-21T15:42:19.791+05:30  INFO 8913 --- [process-service-test] [           main] c.s.p.repository.ProcessRepositoryTests  : The following 1 profile is active: "test"
2026-09-21T15:42:20.033+05:30  INFO 8913 --- [process-service-test] [           main] .s.d.r.c.RepositoryConfigurationDelegate : Bootstrapping Spring Data JPA repositories in DEFAULT mode.
2026-09-21T15:42:20.060+05:30  INFO 8913 --- [process-service-test] [           main] .s.d.r.c.RepositoryConfigurationDelegate : Finished Spring Data repository scanning in 24 ms. Found 3 JPA repository interfaces.
2026-09-21T15:42:20.088+05:30  INFO 8913 --- [process-service-test] [           main] beddedDataSourceBeanFactoryPostProcessor : Replacing 'dataSource' DataSource bean with embedded version
2026-09-21T15:42:20.161+05:30  INFO 8913 --- [process-service-test] [           main] o.s.j.d.e.EmbeddedDatabaseFactory        : Starting embedded database: url='jdbc:h2:mem:8f428cfa-73b7-4bae-9c13-b58f6fe913c9;DB_CLOSE_DELAY=-1;DB_CLOSE_ON_EXIT=false', username='sa'
2026-09-21T15:42:20.313+05:30  INFO 8913 --- [process-service-test] [           main] o.hibernate.jpa.internal.util.LogHelper  : HHH000204: Processing PersistenceUnitInfo [name: default]
2026-09-21T15:42:20.339+05:30  INFO 8913 --- [process-service-test] [           main] org.hibernate.Version                    : HHH000412: Hibernate ORM core version 6.5.2.Final
2026-09-21T15:42:20.356+05:30  INFO 8913 --- [process-service-test] [           main] o.h.c.internal.RegionFactoryInitiator    : HHH000026: Second-level cache disabled
2026-09-21T15:42:20.519+05:30  INFO 8913 --- [process-service-test] [           main] o.s.o.j.p.SpringPersistenceUnitInfo      : No LoadTimeWeaver setup: ignoring JPA class transformer
2026-09-21T15:42:20.544+05:30  WARN 8913 --- [process-service-test] [           main] org.hibernate.orm.deprecation            : HHH90000025: H2Dialect does not need to be specified explicitly using 'hibernate.dialect' (remove the property setting and it will be selected by default)
2026-09-21T15:42:20.966+05:30  INFO 8913 --- [process-service-test] [           main] o.h.e.t.j.p.i.JtaPlatformInitiator       : HHH000489: No JTA platform available (set 'hibernate.transaction.jta.platform' to enable JTA platform integration)
Hibernate: 
    drop table if exists process_events cascade 
Hibernate: 
    drop table if exists process_instances cascade 
Hibernate: 
    drop table if exists process_steps cascade 
Hibernate: 
    create table process_events (
        created_at timestamp(6) with time zone not null,
        timestamp timestamp(6) with time zone not null,
        event_id uuid not null unique,
        id uuid not null,
        process_instance_id uuid not null,
        event_type varchar(128) not null,
        payload TEXT,
        primary key (id)
    )
Hibernate: 
    create table process_instances (
        completed_at timestamp(6) with time zone,
        created_at timestamp(6) with time zone not null,
        started_at timestamp(6) with time zone not null,
        updated_at timestamp(6) with time zone,
        id uuid not null,
        status varchar(32) not null,
        process_type varchar(64) not null,
        business_key varchar(128) not null unique,
        primary key (id)
    )
Hibernate: 
    create table process_steps (
        completed_at timestamp(6) with time zone,
        created_at timestamp(6) with time zone not null,
        started_at timestamp(6) with time zone not null,
        id uuid not null,
        process_instance_id uuid not null,
        status varchar(32) not null,
        step_name varchar(128) not null,
        primary key (id)
    )
Hibernate: 
    create index idx_process_event_instance_timestamp 
       on process_events (process_instance_id, timestamp)
Hibernate: 
    create index idx_process_event_type 
       on process_events (event_type)
Hibernate: 
    create index idx_process_instance_status 
       on process_instances (status)
Hibernate: 
    create index idx_process_instance_process_type 
       on process_instances (process_type)
Hibernate: 
    create index idx_process_step_instance 
       on process_steps (process_instance_id)
Hibernate: 
    alter table if exists process_events 
       add constraint FKeqo93k1syt3dmuau7kxdcod9r 
       foreign key (process_instance_id) 
       references process_instances
Hibernate: 
    alter table if exists process_steps 
       add constraint FKn4lf1o1cs7g7ahgikqnqphfom 
       foreign key (process_instance_id) 
       references process_instances
2026-09-21T15:42:20.991+05:30  INFO 8913 --- [process-service-test] [           main] j.LocalContainerEntityManagerFactoryBean : Initialized JPA EntityManagerFactory for persistence unit 'default'
2026-09-21T15:42:21.192+05:30  INFO 8913 --- [process-service-test] [           main] c.s.p.repository.ProcessRepositoryTests  : Started ProcessRepositoryTests in 1.593 seconds (process running for 2.099)
Hibernate: 
    insert 
    into
        process_instances
        (business_key, completed_at, created_at, process_type, started_at, status, updated_at, id) 
    values
        (?, ?, ?, ?, ?, ?, ?, ?)
Hibernate: 
    insert 
    into
        process_events
        (created_at, event_id, event_type, payload, process_instance_id, timestamp, id) 
    values
        (?, ?, ?, ?, ?, ?, ?)
Hibernate: 
    select
        pe1_0.id 
    from
        process_events pe1_0 
    where
        pe1_0.event_id=? 
    fetch
        first ? rows only
Hibernate: 
    select
        pe1_0.id 
    from
        process_events pe1_0 
    where
        pe1_0.event_id=? 
    fetch
        first ? rows only
]]></system-out>
    <system-err><![CDATA[WARNING: A Java agent has been loaded dynamically (/Users/sarathpatti/.m2/repository/net/bytebuddy/byte-buddy-agent/1.14.19/byte-buddy-agent-1.14.19.jar)
WARNING: If a serviceability tool is in use, please run with -XX:+EnableDynamicAgentLoading to hide this warning
WARNING: If a serviceability tool is not in use, please run with -Djdk.instrument.traceUsage for more information
WARNING: Dynamic loading of agents will be disallowed by default in a future release
]]></system-err>
  </testcase>
  <testcase name="shouldRetrieveProcessEventsOrderedByTimestampAscending" classname="com.supplychainx.processservice.repository.ProcessRepositoryTests" time="0.023">
    <system-out><![CDATA[Hibernate: 
    insert 
    into
        process_instances
        (business_key, completed_at, created_at, process_type, started_at, status, updated_at, id) 
    values
        (?, ?, ?, ?, ?, ?, ?, ?)
Hibernate: 
    insert 
    into
        process_events
        (created_at, event_id, event_type, payload, process_instance_id, timestamp, id) 
    values
        (?, ?, ?, ?, ?, ?, ?)
Hibernate: 
    insert 
    into
        process_events
        (created_at, event_id, event_type, payload, process_instance_id, timestamp, id) 
    values
        (?, ?, ?, ?, ?, ?, ?)
Hibernate: 
    insert 
    into
        process_events
        (created_at, event_id, event_type, payload, process_instance_id, timestamp, id) 
    values
        (?, ?, ?, ?, ?, ?, ?)
Hibernate: 
    select
        pe1_0.id,
        pe1_0.created_at,
        pe1_0.event_id,
        pe1_0.event_type,
        pe1_0.payload,
        pe1_0.process_instance_id,
        pe1_0.timestamp 
    from
        process_events pe1_0 
    where
        pe1_0.process_instance_id=? 
    order by
        pe1_0.timestamp
]]></system-out>
  </testcase>
  <testcase name="shouldPersistAndRetrieveProcessInstanceByBusinessKey" classname="com.supplychainx.processservice.repository.ProcessRepositoryTests" time="0.01">
    <system-out><![CDATA[Hibernate: 
    insert 
    into
        process_instances
        (business_key, completed_at, created_at, process_type, started_at, status, updated_at, id) 
    values
        (?, ?, ?, ?, ?, ?, ?, ?)
Hibernate: 
    select
        pi1_0.id,
        pi1_0.business_key,
        pi1_0.completed_at,
        pi1_0.created_at,
        pi1_0.process_type,
        pi1_0.started_at,
        pi1_0.status,
        pi1_0.updated_at 
    from
        process_instances pi1_0 
    where
        pi1_0.business_key=?
Hibernate: 
    select
        pi1_0.id 
    from
        process_instances pi1_0 
    where
        pi1_0.business_key=? 
    fetch
        first ? rows only
]]></system-out>
  </testcase>
  <testcase name="shouldPersistProcessSteps" classname="com.supplychainx.processservice.repository.ProcessRepositoryTests" time="0.009">
    <system-out><![CDATA[Hibernate: 
    insert 
    into
        process_instances
        (business_key, completed_at, created_at, process_type, started_at, status, updated_at, id) 
    values
        (?, ?, ?, ?, ?, ?, ?, ?)
Hibernate: 
    insert 
    into
        process_steps
        (completed_at, created_at, process_instance_id, started_at, status, step_name, id) 
    values
        (?, ?, ?, ?, ?, ?, ?)
Hibernate: 
    select
        ps1_0.id,
        ps1_0.completed_at,
        ps1_0.created_at,
        ps1_0.process_instance_id,
        ps1_0.started_at,
        ps1_0.status,
        ps1_0.step_name 
    from
        process_steps ps1_0 
    where
        ps1_0.process_instance_id=?
]]></system-out>
  </testcase>
</testsuite>