<?xml version="1.0" encoding="UTF-8"?>
<testsuite xmlns:xsi="http://www.w3.org/2001/XMLSchema-instance" xsi:noNamespaceSchemaLocation="https://maven.apache.org/surefire/maven-surefire-plugin/xsd/surefire-test-report-3.0.xsd" version="3.0" name="com.supplychainx.processservice.ProcessServiceApplicationTests" time="1.515" tests="1" errors="0" skipped="0" failures="0">
  <properties>
[...]
</properties>
  <testcase name="contextLoads" classname="com.supplychainx.processservice.ProcessServiceApplicationTests" time="0.002">
    <system-out><![CDATA[2026-09-21T15:42:21.703+05:30  INFO 8913 --- [process-service-test] [           main] t.c.s.AnnotationConfigContextLoaderUtils : Could not detect default configuration classes for test class [com.supplychainx.processservice.ProcessServiceApplicationTests]: ProcessServiceApplicationTests does not declare any static, non-private, non-final, nested classes annotated with @Configuration.
2026-09-21T15:42:21.709+05:30  INFO 8913 --- [process-service-test] [           main] .b.t.c.SpringBootTestContextBootstrapper : Found @SpringBootConfiguration com.supplychainx.processservice.ProcessServiceApplication for test class com.supplychainx.processservice.ProcessServiceApplicationTests

  .   ____          _            __ _ _
 /\\ / ___'_ __ _ _(_)_ __  __ _ \ \ \ \
( ( )\___ | '_ | '_| | '_ \/ _` | \ \ \ \
 \\/  ___)| |_)| | | | | || (_| |  ) ) ) )
  '  |____| .__|_| |_|_| |_\__, | / / / /
 =========|_|==============|___/=/_/_/_/

 :: Spring Boot ::                (v3.3.3)

2026-09-21T15:42:21.755+05:30  INFO 8913 --- [process-service-test] [           main] c.s.p.ProcessServiceApplicationTests     : Starting ProcessServiceApplicationTests using Java 27 with PID 8913 (started by sarathpatti in /Users/sarathpatti/Documents/SupplyChainX/services/process-service)
2026-09-21T15:42:21.756+05:30  INFO 8913 --- [process-service-test] [           main] c.s.p.ProcessServiceApplicationTests     : The following 1 profile is active: "test"
2026-09-21T15:42:22.029+05:30  INFO 8913 --- [process-service-test] [           main] .s.d.r.c.RepositoryConfigurationDelegate : Bootstrapping Spring Data JPA repositories in DEFAULT mode.
2026-09-21T15:42:22.035+05:30  INFO 8913 --- [process-service-test] [           main] .s.d.r.c.RepositoryConfigurationDelegate : Finished Spring Data repository scanning in 6 ms. Found 3 JPA repository interfaces.
2026-09-21T15:42:22.302+05:30  INFO 8913 --- [process-service-test] [           main] o.hibernate.jpa.internal.util.LogHelper  : HHH000204: Processing PersistenceUnitInfo [name: default]
2026-09-21T15:42:22.304+05:30  INFO 8913 --- [process-service-test] [           main] o.h.c.internal.RegionFactoryInitiator    : HHH000026: Second-level cache disabled
2026-09-21T15:42:22.308+05:30  INFO 8913 --- [process-service-test] [           main] o.s.o.j.p.SpringPersistenceUnitInfo      : No LoadTimeWeaver setup: ignoring JPA class transformer
2026-09-21T15:42:22.308+05:30  INFO 8913 --- [process-service-test] [           main] com.zaxxer.hikari.HikariDataSource       : HikariPool-1 - Starting...
2026-09-21T15:42:22.318+05:30  INFO 8913 --- [process-service-test] [           main] com.zaxxer.hikari.pool.HikariPool        : HikariPool-1 - Added connection conn8: url=jdbc:h2:mem:process_service_db user=SA
2026-09-21T15:42:22.320+05:30  INFO 8913 --- [process-service-test] [           main] com.zaxxer.hikari.HikariDataSource       : HikariPool-1 - Start completed.
2026-09-21T15:42:22.323+05:30  WARN 8913 --- [process-service-test] [           main] org.hibernate.orm.deprecation            : HHH90000025: H2Dialect does not need to be specified explicitly using 'hibernate.dialect' (remove the property setting and it will be selected by default)
2026-09-21T15:42:22.375+05:30  INFO 8913 --- [process-service-test] [           main] o.h.e.t.j.p.i.JtaPlatformInitiator       : HHH000489: No JTA platform available (set 'hibernate.transaction.jta.platform' to enable JTA platform integration)
Hibernate: 
    drop table if exists process_events cascade 
Hibernate: 
    drop table if exists process_instances cascade 
Hibernate: 
    drop table if exists process_steps cascade 
Hibernate: 
    create table process_events (
        created_at timestamp(6) with time zone not null,
        timestamp timestamp(6) with time zone not null,
        event_id uuid not null unique,
        id uuid not null,
        process_instance_id uuid not null,
        event_type varchar(128) not null,
        payload TEXT,
        primary key (id)
    )
Hibernate: 
    create table process_instances (
        completed_at timestamp(6) with time zone,
        created_at timestamp(6) with time zone not null,
        started_at timestamp(6) with time zone not null,
        updated_at timestamp(6) with time zone,
        id uuid not null,
        status varchar(32) not null,
        process_type varchar(64) not null,
        business_key varchar(128) not null unique,
        primary key (id)
    )
Hibernate: 
    create table process_steps (
        completed_at timestamp(6) with time zone,
        created_at timestamp(6) with time zone not null,
        started_at timestamp(6) with time zone not null,
        id uuid not null,
        process_instance_id uuid not null,
        status varchar(32) not null,
        step_name varchar(128) not null,
        primary key (id)
    )
Hibernate: 
    create index idx_process_event_instance_timestamp 
       on process_events (process_instance_id, timestamp)
Hibernate: 
    create index idx_process_event_type 
       on process_events (event_type)
Hibernate: 
    create index idx_process_instance_status 
       on process_instances (status)
Hibernate: 
    create index idx_process_instance_process_type 
       on process_instances (process_type)
Hibernate: 
    create index idx_process_step_instance 
       on process_steps (process_instance_id)
Hibernate: 
    alter table if exists process_events 
       add constraint FKeqo93k1syt3dmuau7kxdcod9r 
       foreign key (process_instance_id) 
       references process_instances
Hibernate: 
    alter table if exists process_steps 
       add constraint FKn4lf1o1cs7g7ahgikqnqphfom 
       foreign key (process_instance_id) 
       references process_instances
2026-09-21T15:42:22.380+05:30  INFO 8913 --- [process-service-test] [           main] j.LocalContainerEntityManagerFactoryBean : Initialized JPA EntityManagerFactory for persistence unit 'default'
2026-09-21T15:42:23.119+05:30  INFO 8913 --- [process-service-test] [           main] o.s.b.a.e.web.EndpointLinksResolver      : Exposing 3 endpoints beneath base path '/actuator'
2026-09-21T15:42:23.158+05:30  INFO 8913 --- [process-service-test] [           main] c.s.p.ProcessServiceApplicationTests     : Started ProcessServiceApplicationTests in 1.439 seconds (process running for 4.064)
]]></system-out>
  </testcase>
</testsuite>